<?xml version="1.0" encoding="UTF-8"?>
<!-- Generated by org.testng.reporters.JUnitXMLReporter -->
<testsuite ignored="0" hostname="DESKTOP-MENTDI6" failures="0" tests="1" name="Test2" time="0.022" errors="0" timestamp="2023-03-03T12:08:00 IST">
  <testcase classname="testngpack.Crossbrowsr" name="@BeforeTest setUp" time="-1.677825479979E9">
    <failure type="org.testng.TestNGException" message="
Parameter &amp;apos;browser&amp;apos; is required by BeforeTest on method setUp but has not been marked @Optional or defined
in C:\Users\Anu\eclipse-workspace\WebDriver\testngcrossbrowsr.xml">
      <![CDATA[org.testng.TestNGException: 
Parameter 'browser' is required by BeforeTest on method setUp but has not been marked @Optional or defined
in C:\Users\Anu\eclipse-workspace\WebDriver\testngcrossbrowsr.xml
... Removed 21 stack frames]]>
    </failure>
  </testcase> <!-- @BeforeTest setUp -->
  <testcase classname="testngpack.Crossbrowsr" name="test" time="0.0">
    <skipped/>
  </testcase> <!-- test -->
</testsuite> <!-- Test2 -->
