<?xml version="1.0" encoding="UTF-8"?>
<testng-results ignored="0" total="2" passed="2" failed="0" skipped="0">
  <reporter-output>
  </reporter-output>
  <suite started-at="2023-03-21T10:57:05 IST" name="Suite" finished-at="2023-03-21T10:57:56 IST" duration-ms="50966">
    <groups>
    </groups>
    <test started-at="2023-03-21T10:57:05 IST" name="Test" finished-at="2023-03-21T10:57:56 IST" duration-ms="50966">
      <class name="tests.Fblogintest">
        <test-method is-config="true" signature="setUp()[pri:0, instance:tests.Fblogintest@b9b00e0]" started-at="2023-03-21T10:57:05 IST" name="setUp" finished-at="2023-03-21T10:57:32 IST" duration-ms="26915" status="PASS">
          <reporter-output>
          </reporter-output>
        </test-method> <!-- setUp -->
        <test-method signature="testlogin()[pri:0, instance:tests.Fblogintest@b9b00e0]" started-at="2023-03-21T10:57:32 IST" name="testlogin" finished-at="2023-03-21T10:57:32 IST" duration-ms="548" status="PASS">
          <reporter-output>
          </reporter-output>
        </test-method> <!-- testlogin -->
      </class> <!-- tests.Fblogintest -->
      <class name="tests.Createpagetest">
        <test-method is-config="true" signature="setUp()[pri:0, instance:tests.Createpagetest@783a467b]" started-at="2023-03-21T10:57:32 IST" name="setUp" finished-at="2023-03-21T10:57:46 IST" duration-ms="13522" status="PASS">
          <reporter-output>
          </reporter-output>
        </test-method> <!-- setUp -->
        <test-method signature="testlogin()[pri:0, instance:tests.Createpagetest@783a467b]" started-at="2023-03-21T10:57:46 IST" name="testlogin" finished-at="2023-03-21T10:57:56 IST" duration-ms="9869" status="PASS">
          <reporter-output>
          </reporter-output>
        </test-method> <!-- testlogin -->
      </class> <!-- tests.Createpagetest -->
    </test> <!-- Test -->
  </suite> <!-- Suite -->
</testng-results>
