<?xml version="1.0" encoding="UTF-8"?>
<testng-results ignored="0" total="1" passed="1" failed="0" skipped="0">
  <reporter-output>
  </reporter-output>
  <suite started-at="2023-04-08T17:53:42 IST" name="Default suite" finished-at="2023-04-08T17:53:59 IST" duration-ms="17181">
    <groups>
    </groups>
    <test started-at="2023-04-08T17:53:42 IST" name="Default test" finished-at="2023-04-08T17:53:59 IST" duration-ms="17181">
      <class name="testngpack.Makemytripdate">
        <test-method is-config="true" signature="setUp()[pri:0, instance:testngpack.Makemytripdate@273e7444]" started-at="2023-04-08T17:53:42 IST" name="setUp" finished-at="2023-04-08T17:53:48 IST" duration-ms="5884" status="PASS">
          <reporter-output>
          </reporter-output>
        </test-method> <!-- setUp -->
        <test-method is-config="true" signature="urlloading()[pri:0, instance:testngpack.Makemytripdate@273e7444]" started-at="2023-04-08T17:53:48 IST" name="urlloading" finished-at="2023-04-08T17:53:54 IST" duration-ms="5786" status="PASS">
          <reporter-output>
          </reporter-output>
        </test-method> <!-- urlloading -->
        <test-method signature="test1()[pri:0, instance:testngpack.Makemytripdate@273e7444]" started-at="2023-04-08T17:53:54 IST" name="test1" finished-at="2023-04-08T17:53:59 IST" duration-ms="5452" status="PASS">
          <reporter-output>
          </reporter-output>
        </test-method> <!-- test1 -->
        <test-method is-config="true" signature="aftrmethd()[pri:0, instance:testngpack.Makemytripdate@273e7444]" started-at="2023-04-08T17:53:59 IST" name="aftrmethd" finished-at="2023-04-08T17:53:59 IST" duration-ms="0" status="PASS">
          <reporter-output>
          </reporter-output>
        </test-method> <!-- aftrmethd -->
        <test-method is-config="true" signature="quit()[pri:0, instance:testngpack.Makemytripdate@273e7444]" started-at="2023-04-08T17:53:59 IST" name="quit" finished-at="2023-04-08T17:53:59 IST" duration-ms="0" status="PASS">
          <reporter-output>
          </reporter-output>
        </test-method> <!-- quit -->
      </class> <!-- testngpack.Makemytripdate -->
    </test> <!-- Default test -->
  </suite> <!-- Default suite -->
</testng-results>
